<?xml version="1.0" encoding="UTF-8"?>
<testng-results skipped="0" failed="0" ignored="0" total="1" passed="1">
  <reporter-output>
  </reporter-output>
  <suite name="Suite" duration-ms="55303" started-at="2017-08-20T12:47:36Z" finished-at="2017-08-20T12:48:31Z">
    <groups>
    </groups>
    <test name="Test4" duration-ms="55303" started-at="2017-08-20T12:47:36Z" finished-at="2017-08-20T12:48:31Z">
      <class name="test.org.SeleniumMaven.BusinessLogic1">
        <test-method status="PASS" signature="b4()[pri:0, instance:test.org.SeleniumMaven.BusinessLogic1@668bc3d5]" name="b4" is-config="true" duration-ms="13886" started-at="2017-08-20T18:17:36Z" finished-at="2017-08-20T18:17:50Z">
          <reporter-output>
          </reporter-output>
        </test-method> <!-- b4 -->
        <test-method status="PASS" signature="f()[pri:0, instance:test.org.SeleniumMaven.BusinessLogic1@668bc3d5]" name="f" duration-ms="41374" started-at="2017-08-20T18:17:50Z" finished-at="2017-08-20T18:18:31Z">
          <reporter-output>
          </reporter-output>
        </test-method> <!-- f -->
      </class> <!-- test.org.SeleniumMaven.BusinessLogic1 -->
    </test> <!-- Test4 -->
  </suite> <!-- Suite -->
</testng-results>
