<?xml version="1.0" encoding="UTF-8"?>
<testng-results skipped="0" failed="0" ignored="0" total="1" passed="1">
  <reporter-output>
  </reporter-output>
  <suite name="Suite" duration-ms="51109" started-at="2017-08-20T12:17:39Z" finished-at="2017-08-20T12:18:30Z">
    <groups>
    </groups>
    <test name="Test4" duration-ms="51109" started-at="2017-08-20T12:17:39Z" finished-at="2017-08-20T12:18:30Z">
      <class name="test.org.SeleniumMaven.BusinessLogic1">
        <test-method status="PASS" signature="b4()[pri:0, instance:test.org.SeleniumMaven.BusinessLogic1@26653222]" name="b4" is-config="true" duration-ms="10050" started-at="2017-08-20T17:47:39Z" finished-at="2017-08-20T17:47:49Z">
          <reporter-output>
          </reporter-output>
        </test-method> <!-- b4 -->
        <test-method status="PASS" signature="f()[pri:0, instance:test.org.SeleniumMaven.BusinessLogic1@26653222]" name="f" duration-ms="41015" started-at="2017-08-20T17:47:49Z" finished-at="2017-08-20T17:48:30Z">
          <reporter-output>
          </reporter-output>
        </test-method> <!-- f -->
      </class> <!-- test.org.SeleniumMaven.BusinessLogic1 -->
    </test> <!-- Test4 -->
  </suite> <!-- Suite -->
</testng-results>
